09-May-2018 10:49:41.140 INFO [localhost-startStop-1] org.apache.catalina.core.ApplicationContext.log ContextListener: contextInitialized()
09-May-2018 10:49:41.140 INFO [localhost-startStop-1] org.apache.catalina.core.ApplicationContext.log SessionListener: contextInitialized()
09-May-2018 10:49:41.141 INFO [localhost-startStop-1] org.apache.catalina.core.ApplicationContext.log ContextListener: attributeAdded('StockTicker', 'async.Stockticker@5e46505')
09-May-2018 10:49:41.237 INFO [localhost-startStop-1] org.apache.catalina.core.ApplicationContext.log SessionListener: contextDestroyed()
09-May-2018 10:49:41.238 INFO [localhost-startStop-1] org.apache.catalina.core.ApplicationContext.log ContextListener: contextDestroyed()
09-May-2018 11:02:47.039 INFO [localhost-startStop-1] org.apache.catalina.core.ApplicationContext.log ContextListener: contextInitialized()
09-May-2018 11:02:47.039 INFO [localhost-startStop-1] org.apache.catalina.core.ApplicationContext.log SessionListener: contextInitialized()
09-May-2018 11:02:47.040 INFO [localhost-startStop-1] org.apache.catalina.core.ApplicationContext.log ContextListener: attributeAdded('StockTicker', 'async.Stockticker@4eff1c40')
09-May-2018 11:03:29.296 INFO [localhost-startStop-2] org.apache.catalina.core.ApplicationContext.log SessionListener: contextDestroyed()
09-May-2018 11:03:29.296 INFO [localhost-startStop-2] org.apache.catalina.core.ApplicationContext.log ContextListener: contextDestroyed()
09-May-2018 11:05:07.102 INFO [localhost-startStop-1] org.apache.catalina.core.ApplicationContext.log ContextListener: contextInitialized()
09-May-2018 11:05:07.102 INFO [localhost-startStop-1] org.apache.catalina.core.ApplicationContext.log SessionListener: contextInitialized()
09-May-2018 11:05:07.104 INFO [localhost-startStop-1] org.apache.catalina.core.ApplicationContext.log ContextListener: attributeAdded('StockTicker', 'async.Stockticker@4eff1c40')
09-May-2018 11:07:22.803 INFO [localhost-startStop-2] org.apache.catalina.core.ApplicationContext.log SessionListener: contextDestroyed()
09-May-2018 11:07:22.803 INFO [localhost-startStop-2] org.apache.catalina.core.ApplicationContext.log ContextListener: contextDestroyed()
09-May-2018 11:07:26.840 INFO [localhost-startStop-1] org.apache.catalina.core.ApplicationContext.log ContextListener: contextInitialized()
09-May-2018 11:07:26.840 INFO [localhost-startStop-1] org.apache.catalina.core.ApplicationContext.log SessionListener: contextInitialized()
09-May-2018 11:07:26.841 INFO [localhost-startStop-1] org.apache.catalina.core.ApplicationContext.log ContextListener: attributeAdded('StockTicker', 'async.Stockticker@21b072e2')
09-May-2018 11:51:59.568 INFO [localhost-startStop-1] org.apache.catalina.core.ApplicationContext.log ContextListener: contextInitialized()
09-May-2018 11:51:59.568 INFO [localhost-startStop-1] org.apache.catalina.core.ApplicationContext.log SessionListener: contextInitialized()
09-May-2018 11:51:59.569 INFO [localhost-startStop-1] org.apache.catalina.core.ApplicationContext.log ContextListener: attributeAdded('StockTicker', 'async.Stockticker@4ef9ecd4')
09-May-2018 11:51:59.715 INFO [localhost-startStop-1] org.apache.catalina.core.ApplicationContext.log SessionListener: contextDestroyed()
09-May-2018 11:51:59.715 INFO [localhost-startStop-1] org.apache.catalina.core.ApplicationContext.log ContextListener: contextDestroyed()
09-May-2018 11:54:32.615 INFO [localhost-startStop-1] org.apache.catalina.core.ApplicationContext.log ContextListener: contextInitialized()
09-May-2018 11:54:32.616 INFO [localhost-startStop-1] org.apache.catalina.core.ApplicationContext.log SessionListener: contextInitialized()
09-May-2018 11:54:32.617 INFO [localhost-startStop-1] org.apache.catalina.core.ApplicationContext.log ContextListener: attributeAdded('StockTicker', 'async.Stockticker@2eb78a2d')
09-May-2018 11:56:47.081 INFO [localhost-startStop-2] org.apache.catalina.core.ApplicationContext.log SessionListener: contextDestroyed()
09-May-2018 11:56:47.081 INFO [localhost-startStop-2] org.apache.catalina.core.ApplicationContext.log ContextListener: contextDestroyed()
09-May-2018 11:58:04.406 INFO [localhost-startStop-1] org.apache.catalina.core.ApplicationContext.log ContextListener: contextInitialized()
09-May-2018 11:58:04.406 INFO [localhost-startStop-1] org.apache.catalina.core.ApplicationContext.log SessionListener: contextInitialized()
09-May-2018 11:58:04.407 INFO [localhost-startStop-1] org.apache.catalina.core.ApplicationContext.log ContextListener: attributeAdded('StockTicker', 'async.Stockticker@6115ee16')
09-May-2018 12:04:33.278 INFO [localhost-startStop-2] org.apache.catalina.core.ApplicationContext.log SessionListener: contextDestroyed()
09-May-2018 12:04:33.278 INFO [localhost-startStop-2] org.apache.catalina.core.ApplicationContext.log ContextListener: contextDestroyed()
09-May-2018 12:09:30.704 INFO [localhost-startStop-1] org.apache.catalina.core.ApplicationContext.log ContextListener: contextInitialized()
09-May-2018 12:09:30.704 INFO [localhost-startStop-1] org.apache.catalina.core.ApplicationContext.log SessionListener: contextInitialized()
09-May-2018 12:09:30.705 INFO [localhost-startStop-1] org.apache.catalina.core.ApplicationContext.log ContextListener: attributeAdded('StockTicker', 'async.Stockticker@cc2b305')
