10-May-2018 09:50:08.200 INFO [http-nio-8090-exec-8] org.apache.catalina.core.ApplicationContext.log Manager: init: Associated with Deployer 'Catalina:type=Deployer,host=localhost'
10-May-2018 09:50:08.201 INFO [http-nio-8090-exec-8] org.apache.catalina.core.ApplicationContext.log Manager: init: Global resources are available
10-May-2018 09:50:08.201 INFO [http-nio-8090-exec-8] org.apache.catalina.core.ApplicationContext.log Manager: list: Listing contexts for virtual host 'localhost'
10-May-2018 09:50:08.216 INFO [http-nio-8090-exec-9] org.apache.catalina.core.ApplicationContext.log Manager: list: Listing contexts for virtual host 'localhost'
10-May-2018 09:50:08.219 INFO [http-nio-8090-exec-9] org.apache.catalina.core.ApplicationContext.log Manager: undeploy: Undeploying web application at '/webapp'
10-May-2018 09:50:08.747 INFO [http-nio-8090-exec-10] org.apache.catalina.core.ApplicationContext.log Manager: deploy: Deploying web application '/webapp'
10-May-2018 09:50:08.747 INFO [http-nio-8090-exec-10] org.apache.catalina.core.ApplicationContext.log Manager: Uploading WAR file to /home/krunal/Documents/tomcat/webapps/webapp.war
10-May-2018 09:50:18.218 INFO [http-nio-8090-exec-4] org.apache.catalina.core.ApplicationContext.log Manager: list: Listing contexts for virtual host 'localhost'
10-May-2018 09:50:18.222 INFO [http-nio-8090-exec-5] org.apache.catalina.core.ApplicationContext.log Manager: list: Listing contexts for virtual host 'localhost'
10-May-2018 09:50:18.226 INFO [http-nio-8090-exec-6] org.apache.catalina.core.ApplicationContext.log Manager: undeploy: Undeploying web application at '/webapp'
10-May-2018 09:50:18.746 INFO [http-nio-8090-exec-6] org.apache.catalina.core.ApplicationContext.log Manager: deploy: Deploying web application '/webapp'
10-May-2018 09:50:18.747 INFO [http-nio-8090-exec-6] org.apache.catalina.core.ApplicationContext.log Manager: Uploading WAR file to /home/krunal/Documents/tomcat/webapps/webapp.war
10-May-2018 14:22:33.961 INFO [http-nio-8090-exec-13] org.apache.catalina.core.ApplicationContext.log Manager: list: Listing contexts for virtual host 'localhost'
10-May-2018 14:22:33.965 INFO [http-nio-8090-exec-14] org.apache.catalina.core.ApplicationContext.log Manager: list: Listing contexts for virtual host 'localhost'
10-May-2018 14:22:33.969 INFO [http-nio-8090-exec-15] org.apache.catalina.core.ApplicationContext.log Manager: undeploy: Undeploying web application at '/webapp'
10-May-2018 14:22:34.490 INFO [http-nio-8090-exec-22] org.apache.catalina.core.ApplicationContext.log Manager: deploy: Deploying web application '/webapp'
10-May-2018 14:22:34.491 INFO [http-nio-8090-exec-22] org.apache.catalina.core.ApplicationContext.log Manager: Uploading WAR file to /home/krunal/Documents/tomcat/webapps/webapp.war
10-May-2018 14:22:58.848 INFO [http-nio-8090-exec-16] org.apache.catalina.core.ApplicationContext.log Manager: list: Listing contexts for virtual host 'localhost'
10-May-2018 14:22:58.867 INFO [http-nio-8090-exec-20] org.apache.catalina.core.ApplicationContext.log Manager: list: Listing contexts for virtual host 'localhost'
10-May-2018 14:22:58.874 INFO [http-nio-8090-exec-17] org.apache.catalina.core.ApplicationContext.log Manager: undeploy: Undeploying web application at '/webapp'
10-May-2018 14:22:59.405 INFO [http-nio-8090-exec-17] org.apache.catalina.core.ApplicationContext.log Manager: deploy: Deploying web application '/webapp'
10-May-2018 14:22:59.406 INFO [http-nio-8090-exec-17] org.apache.catalina.core.ApplicationContext.log Manager: Uploading WAR file to /home/krunal/Documents/tomcat/webapps/webapp.war
10-May-2018 14:23:08.964 INFO [http-nio-8090-exec-13] org.apache.catalina.core.ApplicationContext.log Manager: list: Listing contexts for virtual host 'localhost'
10-May-2018 14:23:08.968 INFO [http-nio-8090-exec-20] org.apache.catalina.core.ApplicationContext.log Manager: list: Listing contexts for virtual host 'localhost'
10-May-2018 14:23:08.972 INFO [http-nio-8090-exec-18] org.apache.catalina.core.ApplicationContext.log Manager: undeploy: Undeploying web application at '/webapp'
10-May-2018 14:23:09.491 INFO [http-nio-8090-exec-18] org.apache.catalina.core.ApplicationContext.log Manager: deploy: Deploying web application '/webapp'
10-May-2018 14:23:09.491 INFO [http-nio-8090-exec-18] org.apache.catalina.core.ApplicationContext.log Manager: Uploading WAR file to /home/krunal/Documents/tomcat/webapps/webapp.war
10-May-2018 14:23:23.900 INFO [http-nio-8090-exec-20] org.apache.catalina.core.ApplicationContext.log Manager: list: Listing contexts for virtual host 'localhost'
10-May-2018 14:23:23.903 INFO [http-nio-8090-exec-13] org.apache.catalina.core.ApplicationContext.log Manager: list: Listing contexts for virtual host 'localhost'
10-May-2018 14:23:23.905 INFO [http-nio-8090-exec-26] org.apache.catalina.core.ApplicationContext.log Manager: undeploy: Undeploying web application at '/webapp'
10-May-2018 14:23:24.423 INFO [http-nio-8090-exec-26] org.apache.catalina.core.ApplicationContext.log Manager: deploy: Deploying web application '/webapp'
10-May-2018 14:23:24.424 INFO [http-nio-8090-exec-26] org.apache.catalina.core.ApplicationContext.log Manager: Uploading WAR file to /home/krunal/Documents/tomcat/webapps/webapp.war
